This file contains any messages produced by compilers while
running configure, to aid debugging if configure makes a mistake.

It was created by configure, which was
generated by GNU Autoconf 2.61.  Invocation command line was

  $ ./configure 

## --------- ##
## Platform. ##
## --------- ##

hostname = ubuntu
uname -m = x86_64
uname -r = 4.15.0-50-generic
uname -s = Linux
uname -v = #54~16.04.1-Ubuntu SMP Wed May 8 15:55:19 UTC 2019

/usr/bin/uname -p = unknown
/bin/uname -X     = unknown

/bin/arch              = unknown
/usr/bin/arch -k       = unknown
/usr/convex/getsysinfo = unknown
/usr/bin/hostinfo      = unknown
/bin/machine           = unknown
/usr/bin/oslevel       = unknown
/bin/universe          = unknown

PATH: /home/bachng/bin
PATH: /home/bachng/.local/bin
PATH: /usr/local/sbin
PATH: /usr/local/bin
PATH: /usr/sbin
PATH: /usr/bin
PATH: /sbin
PATH: /bin
PATH: /usr/games
PATH: /usr/local/games
PATH: /snap/bin


## ----------- ##
## Core tests. ##
## ----------- ##

configure:1726: checking for gcc
configure:1742: found /usr/bin/gcc
configure:1753: result: gcc
configure:1991: checking for C compiler version
configure:1998: gcc --version >&5
gcc (Ubuntu 5.4.0-6ubuntu1~16.04.11) 5.4.0 20160609
Copyright (C) 2015 Free Software Foundation, Inc.
This is free software; see the source for copying conditions.  There is NO
warranty; not even for MERCHANTABILITY or FITNESS FOR A PARTICULAR PURPOSE.

configure:2001: $? = 0
configure:2008: gcc -v >&5
Using built-in specs.
COLLECT_GCC=gcc
COLLECT_LTO_WRAPPER=/usr/lib/gcc/x86_64-linux-gnu/5/lto-wrapper
Target: x86_64-linux-gnu
Configured with: ../src/configure -v --with-pkgversion='Ubuntu 5.4.0-6ubuntu1~16.04.11' --with-bugurl=file:///usr/share/doc/gcc-5/README.Bugs --enable-languages=c,ada,c++,java,go,d,fortran,objc,obj-c++ --prefix=/usr --program-suffix=-5 --enable-shared --enable-linker-build-id --libexecdir=/usr/lib --without-included-gettext --enable-threads=posix --libdir=/usr/lib --enable-nls --with-sysroot=/ --enable-clocale=gnu --enable-libstdcxx-debug --enable-libstdcxx-time=yes --with-default-libstdcxx-abi=new --enable-gnu-unique-object --disable-vtable-verify --enable-libmpx --enable-plugin --with-system-zlib --disable-browser-plugin --enable-java-awt=gtk --enable-gtk-cairo --with-java-home=/usr/lib/jvm/java-1.5.0-gcj-5-amd64/jre --enable-java-home --with-jvm-root-dir=/usr/lib/jvm/java-1.5.0-gcj-5-amd64 --with-jvm-jar-dir=/usr/lib/jvm-exports/java-1.5.0-gcj-5-amd64 --with-arch-directory=amd64 --with-ecj-jar=/usr/share/java/eclipse-ecj.jar --enable-objc-gc --enable-multiarch --disable-werror --with-arch-32=i686 --with-abi=m64 --with-multilib-list=m32,m64,mx32 --enable-multilib --with-tune=generic --enable-checking=release --build=x86_64-linux-gnu --host=x86_64-linux-gnu --target=x86_64-linux-gnu
Thread model: posix
gcc version 5.4.0 20160609 (Ubuntu 5.4.0-6ubuntu1~16.04.11) 
configure:2011: $? = 0
configure:2018: gcc -V >&5
gcc: error: unrecognized command line option '-V'
gcc: fatal error: no input files
compilation terminated.
configure:2021: $? = 1
configure:2044: checking for C compiler default output file name
configure:2071: gcc    conftest.c  >&5
configure:2074: $? = 0
configure:2112: result: a.out
configure:2129: checking whether the C compiler works
configure:2139: ./a.out
configure:2142: $? = 0
configure:2159: result: yes
configure:2166: checking whether we are cross compiling
configure:2168: result: no
configure:2171: checking for suffix of executables
configure:2178: gcc -o conftest    conftest.c  >&5
configure:2181: $? = 0
configure:2205: result: 
configure:2211: checking for suffix of object files
configure:2237: gcc -c   conftest.c >&5
configure:2240: $? = 0
configure:2263: result: o
configure:2267: checking whether we are using the GNU C compiler
configure:2296: gcc -c   conftest.c >&5
configure:2302: $? = 0
configure:2319: result: yes
configure:2324: checking whether gcc accepts -g
configure:2354: gcc -c -g  conftest.c >&5
configure:2360: $? = 0
configure:2459: result: yes
configure:2476: checking for gcc option to accept ISO C89
configure:2550: gcc  -c -g -O2  conftest.c >&5
configure:2556: $? = 0
configure:2579: result: none needed
configure:2614: checking for dirent.h that defines DIR
configure:2643: gcc -c -g -O2  conftest.c >&5
configure:2649: $? = 0
configure:2665: result: yes
configure:2678: checking for library containing opendir
configure:2719: gcc -o conftest -g -O2   conftest.c  >&5
configure:2725: $? = 0
configure:2753: result: none required
configure:2852: checking how to run the C preprocessor
configure:2892: gcc -E  conftest.c
configure:2898: $? = 0
configure:2929: gcc -E  conftest.c
conftest.c:9:28: fatal error: ac_nonexistent.h: No such file or directory
compilation terminated.
configure:2935: $? = 1
configure: failed program was:
| /* confdefs.h.  */
| #define PACKAGE_NAME ""
| #define PACKAGE_TARNAME ""
| #define PACKAGE_VERSION ""
| #define PACKAGE_STRING ""
| #define PACKAGE_BUGREPORT ""
| #define HAVE_DIRENT_H 1
| /* end confdefs.h.  */
| #include <ac_nonexistent.h>
configure:2968: result: gcc -E
configure:2997: gcc -E  conftest.c
configure:3003: $? = 0
configure:3034: gcc -E  conftest.c
conftest.c:9:28: fatal error: ac_nonexistent.h: No such file or directory
compilation terminated.
configure:3040: $? = 1
configure: failed program was:
| /* confdefs.h.  */
| #define PACKAGE_NAME ""
| #define PACKAGE_TARNAME ""
| #define PACKAGE_VERSION ""
| #define PACKAGE_STRING ""
| #define PACKAGE_BUGREPORT ""
| #define HAVE_DIRENT_H 1
| /* end confdefs.h.  */
| #include <ac_nonexistent.h>
configure:3078: checking for grep that handles long lines and -e
configure:3152: result: /bin/grep
configure:3157: checking for egrep
configure:3235: result: /bin/grep -E
configure:3240: checking for ANSI C header files
configure:3270: gcc -c -g -O2  conftest.c >&5
configure:3276: $? = 0
configure:3375: gcc -o conftest -g -O2   conftest.c  >&5
configure:3378: $? = 0
configure:3384: ./conftest
configure:3387: $? = 0
configure:3404: result: yes
configure:3414: checking whether time.h and sys/time.h may both be included
configure:3444: gcc -c -g -O2  conftest.c >&5
configure:3450: $? = 0
configure:3465: result: yes
configure:3489: checking for sys/types.h
configure:3510: gcc -c -g -O2  conftest.c >&5
configure:3516: $? = 0
configure:3532: result: yes
configure:3489: checking for sys/stat.h
configure:3510: gcc -c -g -O2  conftest.c >&5
configure:3516: $? = 0
configure:3532: result: yes
configure:3489: checking for stdlib.h
configure:3510: gcc -c -g -O2  conftest.c >&5
configure:3516: $? = 0
configure:3532: result: yes
configure:3489: checking for string.h
configure:3510: gcc -c -g -O2  conftest.c >&5
configure:3516: $? = 0
configure:3532: result: yes
configure:3489: checking for memory.h
configure:3510: gcc -c -g -O2  conftest.c >&5
configure:3516: $? = 0
configure:3532: result: yes
configure:3489: checking for strings.h
configure:3510: gcc -c -g -O2  conftest.c >&5
configure:3516: $? = 0
configure:3532: result: yes
configure:3489: checking for inttypes.h
configure:3510: gcc -c -g -O2  conftest.c >&5
configure:3516: $? = 0
configure:3532: result: yes
configure:3489: checking for stdint.h
configure:3510: gcc -c -g -O2  conftest.c >&5
configure:3516: $? = 0
configure:3532: result: yes
configure:3489: checking for unistd.h
configure:3510: gcc -c -g -O2  conftest.c >&5
configure:3516: $? = 0
configure:3532: result: yes
configure:3567: checking netdb.h usability
configure:3584: gcc -c -g -O2  conftest.c >&5
configure:3590: $? = 0
configure:3604: result: yes
configure:3608: checking netdb.h presence
configure:3623: gcc -E  conftest.c
configure:3629: $? = 0
configure:3643: result: yes
configure:3671: checking for netdb.h
configure:3679: result: yes
configure:3557: checking for stdlib.h
configure:3563: result: yes
configure:3557: checking for string.h
configure:3563: result: yes
configure:3567: checking sys/socket.h usability
configure:3584: gcc -c -g -O2  conftest.c >&5
configure:3590: $? = 0
configure:3604: result: yes
configure:3608: checking sys/socket.h presence
configure:3623: gcc -E  conftest.c
configure:3629: $? = 0
configure:3643: result: yes
configure:3671: checking for sys/socket.h
configure:3679: result: yes
configure:3557: checking for unistd.h
configure:3563: result: yes
configure:3567: checking dirent.h usability
configure:3584: gcc -c -g -O2  conftest.c >&5
configure:3590: $? = 0
configure:3604: result: yes
configure:3608: checking dirent.h presence
configure:3623: gcc -E  conftest.c
configure:3629: $? = 0
configure:3643: result: yes
configure:3671: checking for dirent.h
configure:3679: result: yes
configure:3567: checking arpa/inet.h usability
configure:3584: gcc -c -g -O2  conftest.c >&5
configure:3590: $? = 0
configure:3604: result: yes
configure:3608: checking arpa/inet.h presence
configure:3623: gcc -E  conftest.c
configure:3629: $? = 0
configure:3643: result: yes
configure:3671: checking for arpa/inet.h
configure:3679: result: yes
configure:3567: checking netinet/in.h usability
configure:3584: gcc -c -g -O2  conftest.c >&5
configure:3590: $? = 0
configure:3604: result: yes
configure:3608: checking netinet/in.h presence
configure:3623: gcc -E  conftest.c
configure:3629: $? = 0
configure:3643: result: yes
configure:3671: checking for netinet/in.h
configure:3679: result: yes
configure:3694: checking for an ANSI C-conforming const
configure:3769: gcc -c -g -O2  conftest.c >&5
configure:3775: $? = 0
configure:3790: result: yes
configure:3800: checking for size_t
configure:3830: gcc -c -g -O2  conftest.c >&5
configure:3836: $? = 0
configure:3851: result: yes
configure:3870: checking for stdlib.h
configure:3876: result: yes
configure:4005: checking for GNU libc compatible malloc
configure:4039: gcc -o conftest -g -O2   conftest.c  >&5
configure:4042: $? = 0
configure:4048: ./conftest
configure:4051: $? = 0
configure:4067: result: yes
configure:4100: checking for stdlib.h
configure:4106: result: yes
configure:4235: checking for GNU libc compatible realloc
configure:4269: gcc -o conftest -g -O2   conftest.c  >&5
configure:4272: $? = 0
configure:4278: ./conftest
configure:4281: $? = 0
configure:4297: result: yes
configure:4325: checking whether lstat dereferences a symlink specified with a trailing slash
configure:4361: gcc -o conftest -g -O2   conftest.c  >&5
configure:4364: $? = 0
configure:4370: ./conftest
configure:4373: $? = 0
configure:4396: result: yes
configure:4415: checking whether stat accepts an empty string
configure:4445: gcc -o conftest -g -O2   conftest.c  >&5
configure:4448: $? = 0
configure:4454: ./conftest
configure:4457: $? = 0
configure:4473: result: no
configure:4489: checking return type of signal handlers
configure:4517: gcc -c -g -O2  conftest.c >&5
conftest.c: In function 'main':
conftest.c:39:9: error: void value not ignored as it ought to be
 return *(signal (0, 0)) (0) == 1;
         ^
configure:4523: $? = 1
configure: failed program was:
| /* confdefs.h.  */
| #define PACKAGE_NAME ""
| #define PACKAGE_TARNAME ""
| #define PACKAGE_VERSION ""
| #define PACKAGE_STRING ""
| #define PACKAGE_BUGREPORT ""
| #define HAVE_DIRENT_H 1
| #define STDC_HEADERS 1
| #define TIME_WITH_SYS_TIME 1
| #define HAVE_SYS_TYPES_H 1
| #define HAVE_SYS_STAT_H 1
| #define HAVE_STDLIB_H 1
| #define HAVE_STRING_H 1
| #define HAVE_MEMORY_H 1
| #define HAVE_STRINGS_H 1
| #define HAVE_INTTYPES_H 1
| #define HAVE_STDINT_H 1
| #define HAVE_UNISTD_H 1
| #define HAVE_NETDB_H 1
| #define HAVE_STDLIB_H 1
| #define HAVE_STRING_H 1
| #define HAVE_SYS_SOCKET_H 1
| #define HAVE_UNISTD_H 1
| #define HAVE_DIRENT_H 1
| #define HAVE_ARPA_INET_H 1
| #define HAVE_NETINET_IN_H 1
| #define HAVE_STDLIB_H 1
| #define HAVE_MALLOC 1
| #define HAVE_STDLIB_H 1
| #define HAVE_REALLOC 1
| #define LSTAT_FOLLOWS_SLASHED_SYMLINK 1
| /* end confdefs.h.  */
| #include <sys/types.h>
| #include <signal.h>
| 
| int
| main ()
| {
| return *(signal (0, 0)) (0) == 1;
|   ;
|   return 0;
| }
configure:4538: result: void
configure:4546: checking whether closedir returns void
configure:4580: gcc -o conftest -g -O2   conftest.c  >&5
configure:4583: $? = 0
configure:4589: ./conftest
configure:4592: $? = 0
configure:4608: result: no
configure:4634: checking sys/select.h usability
configure:4651: gcc -c -g -O2  conftest.c >&5
configure:4657: $? = 0
configure:4671: result: yes
configure:4675: checking sys/select.h presence
configure:4690: gcc -E  conftest.c
configure:4696: $? = 0
configure:4710: result: yes
configure:4738: checking for sys/select.h
configure:4746: result: yes
configure:4624: checking for sys/socket.h
configure:4630: result: yes
configure:4759: checking types of arguments for select
configure:4797: gcc -c -g -O2  conftest.c >&5
configure:4803: $? = 0
configure:4824: result: int,fd_set *,struct timeval *
configure:4861: checking for gethostbyname
configure:4917: gcc -o conftest -g -O2   conftest.c  >&5
configure:4923: $? = 0
configure:4941: result: yes
configure:4861: checking for memmove
configure:4917: gcc -o conftest -g -O2   conftest.c  >&5
conftest.c:63:6: warning: conflicting types for built-in function 'memmove'
 char memmove ();
      ^
configure:4923: $? = 0
configure:4941: result: yes
configure:4861: checking for memset
configure:4917: gcc -o conftest -g -O2   conftest.c  >&5
conftest.c:64:6: warning: conflicting types for built-in function 'memset'
 char memset ();
      ^
configure:4923: $? = 0
configure:4941: result: yes
configure:4861: checking for mkdir
configure:4917: gcc -o conftest -g -O2   conftest.c  >&5
configure:4923: $? = 0
configure:4941: result: yes
configure:4861: checking for select
configure:4917: gcc -o conftest -g -O2   conftest.c  >&5
configure:4923: $? = 0
configure:4941: result: yes
configure:4861: checking for socket
configure:4917: gcc -o conftest -g -O2   conftest.c  >&5
configure:4923: $? = 0
configure:4941: result: yes
configure:4861: checking for strchr
configure:4917: gcc -o conftest -g -O2   conftest.c  >&5
conftest.c:68:6: warning: conflicting types for built-in function 'strchr'
 char strchr ();
      ^
configure:4923: $? = 0
configure:4941: result: yes
configure:4861: checking for strdup
configure:4917: gcc -o conftest -g -O2   conftest.c  >&5
conftest.c:69:6: warning: conflicting types for built-in function 'strdup'
 char strdup ();
      ^
configure:4923: $? = 0
configure:4941: result: yes
configure:4861: checking for strstr
configure:4917: gcc -o conftest -g -O2   conftest.c  >&5
conftest.c:70:6: warning: conflicting types for built-in function 'strstr'
 char strstr ();
      ^
configure:4923: $? = 0
configure:4941: result: yes
configure:4861: checking for strrchr
configure:4917: gcc -o conftest -g -O2   conftest.c  >&5
conftest.c:71:6: warning: conflicting types for built-in function 'strrchr'
 char strrchr ();
      ^
configure:4923: $? = 0
configure:4941: result: yes
configure:5094: creating ./config.status

## ---------------------- ##
## Running config.status. ##
## ---------------------- ##

This file was extended by config.status, which was
generated by GNU Autoconf 2.61.  Invocation command line was

  CONFIG_FILES    = 
  CONFIG_HEADERS  = 
  CONFIG_LINKS    = 
  CONFIG_COMMANDS = 
  $ ./config.status 

on ubuntu

config.status:574: creating Makefile

## ---------------- ##
## Cache variables. ##
## ---------------- ##

ac_cv_c_compiler_gnu=yes
ac_cv_c_const=yes
ac_cv_env_CC_set=
ac_cv_env_CC_value=
ac_cv_env_CFLAGS_set=
ac_cv_env_CFLAGS_value=
ac_cv_env_CPPFLAGS_set=
ac_cv_env_CPPFLAGS_value=
ac_cv_env_CPP_set=
ac_cv_env_CPP_value=
ac_cv_env_LDFLAGS_set=
ac_cv_env_LDFLAGS_value=
ac_cv_env_LIBS_set=
ac_cv_env_LIBS_value=
ac_cv_env_build_alias_set=
ac_cv_env_build_alias_value=
ac_cv_env_host_alias_set=
ac_cv_env_host_alias_value=
ac_cv_env_target_alias_set=
ac_cv_env_target_alias_value=
ac_cv_func_closedir_void=no
ac_cv_func_gethostbyname=yes
ac_cv_func_lstat_dereferences_slashed_symlink=yes
ac_cv_func_malloc_0_nonnull=yes
ac_cv_func_memmove=yes
ac_cv_func_memset=yes
ac_cv_func_mkdir=yes
ac_cv_func_realloc_0_nonnull=yes
ac_cv_func_select=yes
ac_cv_func_select_args='int,fd_set *,struct timeval *'
ac_cv_func_socket=yes
ac_cv_func_stat_empty_string_bug=no
ac_cv_func_strchr=yes
ac_cv_func_strdup=yes
ac_cv_func_strrchr=yes
ac_cv_func_strstr=yes
ac_cv_header_arpa_inet_h=yes
ac_cv_header_dirent_dirent_h=yes
ac_cv_header_dirent_h=yes
ac_cv_header_inttypes_h=yes
ac_cv_header_memory_h=yes
ac_cv_header_netdb_h=yes
ac_cv_header_netinet_in_h=yes
ac_cv_header_stdc=yes
ac_cv_header_stdint_h=yes
ac_cv_header_stdlib_h=yes
ac_cv_header_string_h=yes
ac_cv_header_strings_h=yes
ac_cv_header_sys_select_h=yes
ac_cv_header_sys_socket_h=yes
ac_cv_header_sys_stat_h=yes
ac_cv_header_sys_types_h=yes
ac_cv_header_time=yes
ac_cv_header_unistd_h=yes
ac_cv_objext=o
ac_cv_path_EGREP='/bin/grep -E'
ac_cv_path_GREP=/bin/grep
ac_cv_prog_CPP='gcc -E'
ac_cv_prog_ac_ct_CC=gcc
ac_cv_prog_cc_c89=
ac_cv_prog_cc_g=yes
ac_cv_search_opendir='none required'
ac_cv_type_signal=void
ac_cv_type_size_t=yes

## ----------------- ##
## Output variables. ##
## ----------------- ##

CC='gcc'
CFLAGS='-Wall -O3'
CPP='gcc -E'
CPPFLAGS=''
DEFS='-DPACKAGE_NAME=\"\" -DPACKAGE_TARNAME=\"\" -DPACKAGE_VERSION=\"\" -DPACKAGE_STRING=\"\" -DPACKAGE_BUGREPORT=\"\" -DHAVE_DIRENT_H=1 -DSTDC_HEADERS=1 -DTIME_WITH_SYS_TIME=1 -DHAVE_SYS_TYPES_H=1 -DHAVE_SYS_STAT_H=1 -DHAVE_STDLIB_H=1 -DHAVE_STRING_H=1 -DHAVE_MEMORY_H=1 -DHAVE_STRINGS_H=1 -DHAVE_INTTYPES_H=1 -DHAVE_STDINT_H=1 -DHAVE_UNISTD_H=1 -DHAVE_NETDB_H=1 -DHAVE_STDLIB_H=1 -DHAVE_STRING_H=1 -DHAVE_SYS_SOCKET_H=1 -DHAVE_UNISTD_H=1 -DHAVE_DIRENT_H=1 -DHAVE_ARPA_INET_H=1 -DHAVE_NETINET_IN_H=1 -DHAVE_STDLIB_H=1 -DHAVE_MALLOC=1 -DHAVE_STDLIB_H=1 -DHAVE_REALLOC=1 -DLSTAT_FOLLOWS_SLASHED_SYMLINK=1 -DRETSIGTYPE=void -DHAVE_SYS_SELECT_H=1 -DHAVE_SYS_SOCKET_H=1 -DSELECT_TYPE_ARG1=int -DSELECT_TYPE_ARG234=\(fd_set\ \*\) -DSELECT_TYPE_ARG5=\(struct\ timeval\ \*\) -DHAVE_GETHOSTBYNAME=1 -DHAVE_MEMMOVE=1 -DHAVE_MEMSET=1 -DHAVE_MKDIR=1 -DHAVE_SELECT=1 -DHAVE_SOCKET=1 -DHAVE_STRCHR=1 -DHAVE_STRDUP=1 -DHAVE_STRSTR=1 -DHAVE_STRRCHR=1'
ECHO_C=''
ECHO_N='-n'
ECHO_T=''
EGREP='/bin/grep -E'
EXEEXT=''
GREP='/bin/grep'
LDFLAGS=''
LIBOBJS=''
LIBS=''
LTLIBOBJS=''
OBJEXT='o'
PACKAGE_BUGREPORT=''
PACKAGE_NAME=''
PACKAGE_STRING=''
PACKAGE_TARNAME=''
PACKAGE_VERSION=''
PATH_SEPARATOR=':'
SHELL='/bin/bash'
ac_ct_CC='gcc'
bindir='${exec_prefix}/bin'
build_alias=''
datadir='${datarootdir}'
datarootdir='${prefix}/share'
docdir='${datarootdir}/doc/${PACKAGE}'
dvidir='${docdir}'
exec_prefix='${prefix}'
host_alias=''
htmldir='${docdir}'
includedir='${prefix}/include'
infodir='${datarootdir}/info'
libdir='${exec_prefix}/lib'
libexecdir='${exec_prefix}/libexec'
localedir='${datarootdir}/locale'
localstatedir='${prefix}/var'
mandir='${datarootdir}/man'
oldincludedir='/usr/include'
pdfdir='${docdir}'
prefix='/usr/local'
program_transform_name='s,x,x,'
psdir='${docdir}'
sbindir='${exec_prefix}/sbin'
sharedstatedir='${prefix}/com'
sysconfdir='${prefix}/etc'
target_alias=''

## ----------- ##
## confdefs.h. ##
## ----------- ##

#define PACKAGE_NAME ""
#define PACKAGE_TARNAME ""
#define PACKAGE_VERSION ""
#define PACKAGE_STRING ""
#define PACKAGE_BUGREPORT ""
#define HAVE_DIRENT_H 1
#define STDC_HEADERS 1
#define TIME_WITH_SYS_TIME 1
#define HAVE_SYS_TYPES_H 1
#define HAVE_SYS_STAT_H 1
#define HAVE_STDLIB_H 1
#define HAVE_STRING_H 1
#define HAVE_MEMORY_H 1
#define HAVE_STRINGS_H 1
#define HAVE_INTTYPES_H 1
#define HAVE_STDINT_H 1
#define HAVE_UNISTD_H 1
#define HAVE_NETDB_H 1
#define HAVE_STDLIB_H 1
#define HAVE_STRING_H 1
#define HAVE_SYS_SOCKET_H 1
#define HAVE_UNISTD_H 1
#define HAVE_DIRENT_H 1
#define HAVE_ARPA_INET_H 1
#define HAVE_NETINET_IN_H 1
#define HAVE_STDLIB_H 1
#define HAVE_MALLOC 1
#define HAVE_STDLIB_H 1
#define HAVE_REALLOC 1
#define LSTAT_FOLLOWS_SLASHED_SYMLINK 1
#define RETSIGTYPE void
#define HAVE_SYS_SELECT_H 1
#define HAVE_SYS_SOCKET_H 1
#define SELECT_TYPE_ARG1 int
#define SELECT_TYPE_ARG234 (fd_set *)
#define SELECT_TYPE_ARG5 (struct timeval *)
#define HAVE_GETHOSTBYNAME 1
#define HAVE_MEMMOVE 1
#define HAVE_MEMSET 1
#define HAVE_MKDIR 1
#define HAVE_SELECT 1
#define HAVE_SOCKET 1
#define HAVE_STRCHR 1
#define HAVE_STRDUP 1
#define HAVE_STRSTR 1
#define HAVE_STRRCHR 1

configure: exit 0
